requireCamelCaseOrUpperCaseIdentifiers: All identifiers must be camelCase or UPPER_CASE at samples/names.actual.out :
     3 |
     4 |var camelCaseIsGood = 5;
     5 |var SentenceCaseConstants = "My Constant String";
-----------------------^
     6 |
     7 |function camelCaseFunctionsToo() {

requireCamelCaseOrUpperCaseIdentifiers: All identifiers must be camelCase or UPPER_CASE at samples/names.actual.out :
    11 |}
    12 |
    13 |function MyClass() {
---------------------^
    14 |
    15 | // ...

requireCamelCaseOrUpperCaseIdentifiers: All identifiers must be camelCase or UPPER_CASE at samples/names.actual.out :
    17 |}
    18 |
    19 |MyClass.prototype = Object.create( SomeOtherClass.prototype );
------------^
    20 |MyClass.prototype.myClassMethod = function() {
    21 |

requireCamelCaseOrUpperCaseIdentifiers: All identifiers must be camelCase or UPPER_CASE at samples/names.actual.out :
    17 |}
    18 |
    19 |MyClass.prototype = Object.create( SomeOtherClass.prototype );
-------------------------------^
    20 |MyClass.prototype.myClassMethod = function() {
    21 |

requireCamelCaseOrUpperCaseIdentifiers: All identifiers must be camelCase or UPPER_CASE at samples/names.actual.out :
    17 |}
    18 |
    19 |MyClass.prototype = Object.create( SomeOtherClass.prototype );
--------------------------------------------------^
    20 |MyClass.prototype.myClassMethod = function() {
    21 |

requireCamelCaseOrUpperCaseIdentifiers: All identifiers must be camelCase or UPPER_CASE at samples/names.actual.out :
    18 |
    19 |MyClass.prototype = Object.create( SomeOtherClass.prototype );
    20 |MyClass.prototype.myClassMethod = function() {
------------^
    21 |
    22 | // ...

requireCamelCaseOrUpperCaseIdentifiers: All identifiers must be camelCase or UPPER_CASE at samples/names.actual.out :
    26 |// BAD
    27 |
    28 |var WrongCapFormat = 5;
-------------------^
    29 |var WRONG_CAP_FORMAT = 10;
    30 |var wrong_cap_format = 15;

requireCamelCaseOrUpperCaseIdentifiers: All identifiers must be camelCase or UPPER_CASE at samples/names.actual.out :
    27 |
    28 |var WrongCapFormat = 5;
    29 |var WRONG_CAP_FORMAT = 10;
--------------------^
    30 |var wrong_cap_format = 15;
    31 |

requireCamelCaseOrUpperCaseIdentifiers: All identifiers must be camelCase or UPPER_CASE at samples/names.actual.out :
    28 |var WrongCapFormat = 5;
    29 |var WRONG_CAP_FORMAT = 10;
    30 |var wrong_cap_format = 15;
--------------------^
    31 |
    32 |function FUNCS_SHOULD_BE_CAMEL() {

requireCamelCaseOrUpperCaseIdentifiers: All identifiers must be camelCase or UPPER_CASE at samples/names.actual.out :
    30 |var wrong_cap_format = 15;
    31 |
    32 |function FUNCS_SHOULD_BE_CAMEL() {
----------------------------^
    33 |
    34 | // ...

requireCamelCaseOrUpperCaseIdentifiers: All identifiers must be camelCase or UPPER_CASE at samples/names.actual.out :
    36 |}
    37 |
    38 |function CLASSES_SHOULD_BE_SENTENCE() {
------------------------------^
    39 |
    40 |}

requireCamelCaseOrUpperCaseIdentifiers: All identifiers must be camelCase or UPPER_CASE at samples/names.actual.out :
    40 |}
    41 |
    42 |CLASSES_SHOULD_BE_SENTENCE.prototype.MethodsShouldBeCamel = function() {
---------------------^
    43 |
    44 | // ...


12 code style errors found.
